#-----------------------------------------------------------
# Vivado v2019.1 (64-bit)
# SW Build 2552052 on Fri May 24 14:49:42 MDT 2019
# IP Build 2548770 on Fri May 24 18:01:18 MDT 2019
# Start of session at: Tue Jul 11 22:24:36 2023
# Process ID: 1368
# Current directory: C:/Users/ssoni/Barrel_Shifter
# Command line: vivado.exe -gui_launcher_event rodinguilauncherevent10436 C:\Users\ssoni\Barrel_Shifter\Barrel_Shifter.xpr
# Log file: C:/Users/ssoni/Barrel_Shifter/vivado.log
# Journal file: C:/Users/ssoni/Barrel_Shifter\vivado.jou
#-----------------------------------------------------------
start_gui
open_project C:/Users/ssoni/Barrel_Shifter/Barrel_Shifter.xpr
Scanning sources...
Finished scanning sources
INFO: [IP_Flow 19-234] Refreshing IP repositories
INFO: [IP_Flow 19-1704] No user IP repositories specified
INFO: [IP_Flow 19-2313] Loaded Vivado IP repository 'D:/XILINX/Vivado/2019.1/data/ip'.
open_project: Time (s): cpu = 00:00:30 ; elapsed = 00:00:11 . Memory (MB): peak = 723.582 ; gain = 109.016
update_compile_order -fileset sources_1
exit
INFO: [Common 17-206] Exiting Vivado at Tue Jul 11 22:27:55 2023...
